[    0.000000] Linux version 4.15.0-212-generic (buildd@lcy02-amd64-083) (gcc version 7.5.0 (Ubuntu 7.5.0-3ubuntu1~18.04)) #223-Ubuntu SMP Tue May 23 13:09:22 UTC 2023 (Ubuntu 4.15.0-212.223-generic 4.15.18)
[    0.000000] Command line: BOOT_IMAGE=/boot/vmlinuz-4.15.0-212-generic root=LABEL=cloudimg-rootfs ro console=tty1 console=ttyS0
[    0.000000] KERNEL supported cpus:
[    0.000000]   Intel GenuineIntel
[    0.000000]   AMD AuthenticAMD
[    0.000000]   Centaur CentaurHauls
[    0.000000] x86/fpu: x87 FPU will use FXSAVE
[    0.000000] e820: BIOS-provided physical RAM map:
[    0.000000] BIOS-e820: [mem 0x0000000000000000-0x000000000009fbff] usable
[    0.000000] BIOS-e820: [mem 0x000000000009fc00-0x000000000009ffff] reserved
[    0.000000] BIOS-e820: [mem 0x00000000000f0000-0x00000000000fffff] reserved
[    0.000000] BIOS-e820: [mem 0x0000000000100000-0x000000003ffeffff] usable
[    0.000000] BIOS-e820: [mem 0x000000003fff0000-0x000000003fffffff] ACPI data
[    0.000000] BIOS-e820: [mem 0x00000000fec00000-0x00000000fec00fff] reserved
[    0.000000] BIOS-e820: [mem 0x00000000fee00000-0x00000000fee00fff] reserved
[    0.000000] BIOS-e820: [mem 0x00000000fffc0000-0x00000000ffffffff] reserved
[    0.000000] NX (Execute Disable) protection: active
[    0.000000] SMBIOS 2.5 present.
[    0.000000] DMI: innotek GmbH VirtualBox/VirtualBox, BIOS VirtualBox 12/01/2006
[    0.000000] Hypervisor detected: KVM
[    0.000000] e820: last_pfn = 0x3fff0 max_arch_pfn = 0x400000000
[    0.000000] MTRR: Disabled
[    0.000000] x86/PAT: MTRRs disabled, skipping PAT initialization too.
[    0.000000] CPU MTRRs all blank - virtualized system.
[    0.000000] x86/PAT: Configuration [0-7]: WB  WT  UC- UC  WB  WT  UC- UC  
[    0.000000] found SMP MP-table at [mem 0x0009fff0-0x0009ffff]
[    0.000000] Scanning 1 areas for low memory corruption
[    0.000000] RAMDISK: [mem 0x359cb000-0x36cdcfff]
[    0.000000] ACPI: Early table checksum verification disabled
[    0.000000] ACPI: RSDP 0x00000000000E0000 000024 (v02 VBOX  )
[    0.000000] ACPI: XSDT 0x000000003FFF0030 00003C (v01 VBOX   VBOXXSDT 00000001 ASL  00000061)
[    0.000000] ACPI: FACP 0x000000003FFF00F0 0000F4 (v04 VBOX   VBOXFACP 00000001 ASL  00000061)
[    0.000000] ACPI: DSDT 0x000000003FFF0610 002353 (v02 VBOX   VBOXBIOS 00000002 INTL 20100528)
[    0.000000] ACPI: FACS 0x000000003FFF0200 000040
[    0.000000] ACPI: FACS 0x000000003FFF0200 000040
[    0.000000] ACPI: APIC 0x000000003FFF0240 00005C (v02 VBOX   VBOXAPIC 00000001 ASL  00000061)
[    0.000000] ACPI: SSDT 0x000000003FFF02A0 00036C (v01 VBOX   VBOXCPUT 00000002 INTL 20100528)
[    0.000000] ACPI: Reserving FACP table memory at [mem 0x3fff00f0-0x3fff01e3]
[    0.000000] ACPI: Reserving DSDT table memory at [mem 0x3fff0610-0x3fff2962]
[    0.000000] ACPI: Reserving FACS table memory at [mem 0x3fff0200-0x3fff023f]
[    0.000000] ACPI: Reserving FACS table memory at [mem 0x3fff0200-0x3fff023f]
[    0.000000] ACPI: Reserving APIC table memory at [mem 0x3fff0240-0x3fff029b]
[    0.000000] ACPI: Reserving SSDT table memory at [mem 0x3fff02a0-0x3fff060b]
[    0.000000] No NUMA configuration found
[    0.000000] Faking a node at [mem 0x0000000000000000-0x000000003ffeffff]
[    0.000000] NODE_DATA(0) allocated [mem 0x3ffc5000-0x3ffeffff]
[    0.000000] kvm-clock: cpu 0, msr 0:3ff44001, primary cpu clock
[    0.000000] kvm-clock: Using msrs 4b564d01 and 4b564d00
[    0.000000] kvm-clock: using sched offset of 4858786947 cycles
[    0.000000] clocksource: kvm-clock: mask: 0xffffffffffffffff max_cycles: 0x1cd42e4dffb, max_idle_ns: 881590591483 ns
[    0.000000] Zone ranges:
[    0.000000]   DMA      [mem 0x0000000000001000-0x0000000000ffffff]
[    0.000000]   DMA32    [mem 0x0000000001000000-0x000000003ffeffff]
[    0.000000]   Normal   empty
[    0.000000]   Device   empty
[    0.000000] Movable zone start for each node
[    0.000000] Early memory node ranges
[    0.000000]   node   0: [mem 0x0000000000001000-0x000000000009efff]
[    0.000000]   node   0: [mem 0x0000000000100000-0x000000003ffeffff]
[    0.000000] Reserved but unavailable: 104 pages
[    0.000000] Initmem setup node 0 [mem 0x0000000000001000-0x000000003ffeffff]
[    0.000000] ACPI: PM-Timer IO Port: 0x4008
[    0.000000] IOAPIC[0]: apic_id 2, version 32, address 0xfec00000, GSI 0-23
[    0.000000] ACPI: INT_SRC_OVR (bus 0 bus_irq 0 global_irq 2 dfl dfl)
[    0.000000] ACPI: INT_SRC_OVR (bus 0 bus_irq 9 global_irq 9 low level)
[    0.000000] Using ACPI (MADT) for SMP configuration information
[    0.000000] smpboot: Allowing 2 CPUs, 0 hotplug CPUs
[    0.000000] PM: Registered nosave memory: [mem 0x00000000-0x00000fff]
[    0.000000] PM: Registered nosave memory: [mem 0x0009f000-0x0009ffff]
[    0.000000] PM: Registered nosave memory: [mem 0x000a0000-0x000effff]
[    0.000000] PM: Registered nosave memory: [mem 0x000f0000-0x000fffff]
[    0.000000] e820: [mem 0x40000000-0xfebfffff] available for PCI devices
[    0.000000] Booting paravirtualized kernel on KVM
[    0.000000] clocksource: refined-jiffies: mask: 0xffffffff max_cycles: 0xffffffff, max_idle_ns: 7645519600211568 ns
[    0.000000] setup_percpu: NR_CPUS:8192 nr_cpumask_bits:2 nr_cpu_ids:2 nr_node_ids:1
[    0.000000] percpu: Embedded 50 pages/cpu s167936 r8192 d28672 u1048576
[    0.000000] PV qspinlock hash table entries: 256 (order: 0, 4096 bytes)
[    0.000000] Built 1 zonelists, mobility grouping on.  Total pages: 257913
[    0.000000] Policy zone: DMA32
[    0.000000] Kernel command line: BOOT_IMAGE=/boot/vmlinuz-4.15.0-212-generic root=LABEL=cloudimg-rootfs ro console=tty1 console=ttyS0
[    0.000000] Memory: 982644K/1048120K available (12300K kernel code, 2477K rwdata, 4324K rodata, 2480K init, 2720K bss, 65476K reserved, 0K cma-reserved)
[    0.000000] SLUB: HWalign=64, Order=0-3, MinObjects=0, CPUs=2, Nodes=1
[    0.000000] Kernel/User page tables isolation: enabled
[    0.000000] ftrace: allocating 39508 entries in 155 pages
[    0.004000] Hierarchical RCU implementation.
[    0.004000] 	RCU restricting CPUs from NR_CPUS=8192 to nr_cpu_ids=2.
[    0.004000] 	Tasks RCU enabled.
[    0.004000] RCU: Adjusting geometry for rcu_fanout_leaf=16, nr_cpu_ids=2
[    0.004000] NR_IRQS: 524544, nr_irqs: 440, preallocated irqs: 16
[    0.004000] random: crng init done
[    0.004000] Console: colour VGA+ 80x25
[    0.004000] console [tty1] enabled
[    0.004000] console [ttyS0] enabled
[    0.004000] ACPI: Core revision 20170831
[    0.004000] ACPI: 2 ACPI AML tables successfully acquired and loaded
[    0.004000] APIC: Switch to symmetric I/O mode setup
[    0.008000] ..TIMER: vector=0x30 apic1=0 pin1=2 apic2=-1 pin2=-1
[    0.008013] tsc: Detected 2294.686 MHz processor
[    0.016013] Calibrating delay loop (skipped) preset value.. 4589.37 BogoMIPS (lpj=9178744)
[    0.020011] pid_max: default: 32768 minimum: 301
[    0.024159] Security Framework initialized
[    0.028012] Yama: becoming mindful.
[    0.032203] AppArmor: AppArmor initialized
[    0.047426] Dentry cache hash table entries: 131072 (order: 8, 1048576 bytes)
[    0.053579] Inode-cache hash table entries: 65536 (order: 7, 524288 bytes)
[    0.056181] Mount-cache hash table entries: 2048 (order: 2, 16384 bytes)
[    0.060144] Mountpoint-cache hash table entries: 2048 (order: 2, 16384 bytes)
[    0.068125] Last level iTLB entries: 4KB 1024, 2MB 1024, 4MB 1024
[    0.072011] Last level dTLB entries: 4KB 1024, 2MB 1024, 4MB 1024, 1GB 4
[    0.076011] Spectre V1 : Mitigation: usercopy/swapgs barriers and __user pointer sanitization
[    0.080010] Spectre V2 : Mitigation: Retpolines
[    0.084007] Spectre V2 : Spectre v2 / SpectreRSB mitigation: Filling RSB on context switch
[    0.088007] Spectre V2 : Spectre v2 / SpectreRSB : Filling RSB on VMEXIT
[    0.092007] Speculative Store Bypass: Vulnerable
[    0.100052] MDS: Mitigation: Clear CPU buffers
[    0.104009] MMIO Stale Data: Unknown: No mitigations
[    0.108011] SRBDS: Unknown: Dependent on hypervisor status
[    0.116043] Freeing SMP alternatives memory: 36K
[    0.237074] smpboot: CPU0: Intel(R) Core(TM) i5-4200U CPU @ 1.60GHz (family: 0x6, model: 0x45, stepping: 0x1)
[    0.244581] Performance Events: unsupported p6 CPU model 69 no PMU driver, software events only.
[    0.248296] Hierarchical SRCU implementation.
[    0.253976] NMI watchdog: Perf event create on CPU 0 failed with -2
[    0.256010] NMI watchdog: Perf NMI watchdog permanently disabled
[    0.264835] smp: Bringing up secondary CPUs ...
[    0.270077] x86: Booting SMP configuration:
[    0.272012] .... node  #0, CPUs:      #1
[    0.004000] kvm-clock: cpu 1, msr 0:3ff44041, secondary cpu clock
[    0.320000] TSC synchronization [CPU#0 -> CPU#1]:
[    0.320000] Measured 125942 cycles TSC warp between CPUs, turning off TSC clock.
[    0.320000] tsc: Marking TSC unstable due to check_tsc_sync_source failed
[    0.324899] smp: Brought up 1 node, 2 CPUs
[    0.328018] smpboot: Max logical packages: 1
[    0.332013] smpboot: Total of 2 processors activated (9178.74 BogoMIPS)
[    0.344021] devtmpfs: initialized
[    0.348206] x86/mm: Memory block size: 128MB
[    0.353166] evm: security.selinux
[    0.356008] evm: security.SMACK64
[    0.360011] evm: security.SMACK64EXEC
[    0.364010] evm: security.SMACK64TRANSMUTE
[    0.368011] evm: security.SMACK64MMAP
[    0.372010] evm: security.apparmor
[    0.376007] evm: security.ima
[    0.380011] evm: security.capability
[    0.388253] clocksource: jiffies: mask: 0xffffffff max_cycles: 0xffffffff, max_idle_ns: 7645041785100000 ns
[    0.392290] futex hash table entries: 512 (order: 3, 32768 bytes)
[    0.396543] pinctrl core: initialized pinctrl subsystem
[    0.401354] RTC time: 20:53:19, date: 02/20/24
[    0.410239] NET: Registered protocol family 16
[    0.412301] audit: initializing netlink subsys (disabled)
[    0.416528] audit: type=2000 audit(1708462405.103:1): state=initialized audit_enabled=0 res=1
[    0.440024] cpuidle: using governor ladder
[    0.444030] cpuidle: using governor menu
[    0.448120] ACPI: bus type PCI registered
[    0.452011] acpiphp: ACPI Hot Plug PCI Controller Driver version: 0.5
[    0.457266] PCI: Using configuration type 1 for base access
[    0.480026] HugeTLB registered 2.00 MiB page size, pre-allocated 0 pages
[    0.508538] ACPI: Added _OSI(Module Device)
[    0.532012] ACPI: Added _OSI(Processor Device)
[    0.560016] ACPI: Added _OSI(3.0 _SCP Extensions)
[    0.592020] ACPI: Added _OSI(Processor Aggregator Device)
[    0.616016] ACPI: Added _OSI(Linux-Dell-Video)
[    0.644013] ACPI: Added _OSI(Linux-Lenovo-NV-HDMI-Audio)
[    0.668017] ACPI: Added _OSI(Linux-HPI-Hybrid-Graphics)
[    0.705063] ACPI: Executed 1 blocks of module-level executable AML code
[    0.756907] ACPI: Interpreter enabled
[    0.776045] ACPI: (supports S0 S5)
[    0.804015] ACPI: Using IOAPIC for interrupt routing
[    0.840000] PCI: Using host bridge windows from ACPI; if necessary, use "pci=nocrs" and report a bug
[    0.888835] ACPI: Enabled 2 GPEs in block 00 to 07
[    0.996228] ACPI: PCI Root Bridge [PCI0] (domain 0000 [bus 00-ff])
[    1.044036] acpi PNP0A03:00: _OSC: OS supports [ASPM ClockPM Segments MSI]
[    1.096546] acpi PNP0A03:00: _OSC: not requesting OS control; OS requires [ExtendedConfig ASPM ClockPM MSI]
[    1.156050] acpi PNP0A03:00: fail to add MMCONFIG information, can't access extended PCI configuration space under this bridge.
[    1.226039] PCI host bridge to bus 0000:00
[    1.248019] pci_bus 0000:00: root bus resource [io  0x0000-0x0cf7 window]
[    1.272051] pci_bus 0000:00: root bus resource [io  0x0d00-0xffff window]
[    1.296013] pci_bus 0000:00: root bus resource [mem 0x000a0000-0x000bffff window]
[    1.324013] pci_bus 0000:00: root bus resource [mem 0x40000000-0xfdffffff window]
[    1.352015] pci_bus 0000:00: root bus resource [bus 00-ff]
[    1.409329] pci 0000:00:01.1: legacy IDE quirk: reg 0x10: [io  0x01f0-0x01f7]
[    1.448017] pci 0000:00:01.1: legacy IDE quirk: reg 0x14: [io  0x03f6]
[    1.480141] pci 0000:00:01.1: legacy IDE quirk: reg 0x18: [io  0x0170-0x0177]
[    1.500018] pci 0000:00:01.1: legacy IDE quirk: reg 0x1c: [io  0x0376]
[    1.576658] pci 0000:00:07.0: quirk: [io  0x4000-0x403f] claimed by PIIX4 ACPI
[    1.608188] pci 0000:00:07.0: quirk: [io  0x4100-0x410f] claimed by PIIX4 SMB
[    1.709497] ACPI: PCI Interrupt Link [LNKA] (IRQs 5 9 10 *11)
[    1.737094] ACPI: PCI Interrupt Link [LNKB] (IRQs 5 9 *10 11)
[    1.760236] ACPI: PCI Interrupt Link [LNKC] (IRQs 5 *9 10 11)
[    1.784190] ACPI: PCI Interrupt Link [LNKD] (IRQs 5 9 10 *11)
[    1.809085] SCSI subsystem initialized
[    1.832542] pci 0000:00:02.0: vgaarb: setting as boot VGA device
[    1.836000] pci 0000:00:02.0: vgaarb: VGA device added: decodes=io+mem,owns=io+mem,locks=none
[    1.868023] pci 0000:00:02.0: vgaarb: bridge control possible
[    1.880008] vgaarb: loaded
[    1.884071] ACPI: bus type USB registered
[    1.896174] usbcore: registered new interface driver usbfs
[    1.904040] usbcore: registered new interface driver hub
[    1.916034] usbcore: registered new device driver usb
[    1.928510] EDAC MC: Ver: 3.0.0
[    1.936387] PCI: Using ACPI for IRQ routing
[    1.945569] NetLabel: Initializing
[    1.952005] NetLabel:  domain hash size = 128
[    1.960007] NetLabel:  protocols = UNLABELED CIPSOv4 CALIPSO
[    1.972273] NetLabel:  unlabeled traffic allowed by default
[    1.984445] clocksource: Switched to clocksource kvm-clock
[    2.093455] VFS: Disk quotas dquot_6.6.0
[    2.108658] VFS: Dquot-cache hash table entries: 512 (order 0, 4096 bytes)
[    2.128907] AppArmor: AppArmor Filesystem Enabled
[    2.143237] pnp: PnP ACPI init
[    2.156333] pnp: PnP ACPI: found 3 devices
[    2.190480] clocksource: acpi_pm: mask: 0xffffff max_cycles: 0xffffff, max_idle_ns: 2085701024 ns
[    2.217269] NET: Registered protocol family 2
[    2.230926] IP idents hash table entries: 16384 (order: 5, 131072 bytes)
[    2.259110] TCP established hash table entries: 8192 (order: 4, 65536 bytes)
[    2.304952] TCP bind hash table entries: 8192 (order: 5, 131072 bytes)
[    2.330265] TCP: Hash tables configured (established 8192 bind 8192)
[    2.379716] UDP hash table entries: 512 (order: 2, 16384 bytes)
[    2.403572] UDP-Lite hash table entries: 512 (order: 2, 16384 bytes)
[    2.446085] NET: Registered protocol family 1
[    2.459669] pci 0000:00:00.0: Limiting direct PCI/PCI transfers
[    2.485910] pci 0000:00:01.0: Activating ISA DMA hang workarounds
[    2.502353] pci 0000:00:02.0: Video device with shadowed ROM at [mem 0x000c0000-0x000dffff]
[    2.522223] Unpacking initramfs...
[    4.180696] Freeing initrd memory: 19528K
[    4.191132] clocksource: tsc: mask: 0xffffffffffffffff max_cycles: 0x211399552f8, max_idle_ns: 440795292447 ns
[    4.220994] platform rtc_cmos: registered platform RTC device (no PNP device found)
[    4.245711] Scanning for low memory corruption every 60 seconds
[    4.287327] Initialise system trusted keyrings
[    4.301087] Key type blacklist registered
[    4.317215] workingset: timestamp_bits=36 max_order=18 bucket_order=0
[    4.340155] zbud: loaded
[    4.353831] squashfs: version 4.0 (2009/01/31) Phillip Lougher
[    4.373174] fuse init (API version 7.26)
[    4.474992] Key type asymmetric registered
[    4.493537] Asymmetric key parser 'x509' registered
[    4.517908] Block layer SCSI generic (bsg) driver version 0.4 loaded (major 246)
[    4.553679] io scheduler noop registered
[    4.568500] io scheduler deadline registered
[    4.582613] io scheduler cfq registered (default)
[    4.603313] ACPI: AC Adapter [AC] (on-line)
[    4.621076] input: Power Button as /devices/LNXSYSTM:00/LNXPWRBN:00/input/input0
[    4.648308] ACPI: Power Button [PWRF]
[    4.661220] input: Sleep Button as /devices/LNXSYSTM:00/LNXSLPBN:00/input/input1
[    4.685139] ACPI: Sleep Button [SLPF]
[    4.702488] Serial: 8250/16550 driver, 32 ports, IRQ sharing enabled
[    4.706851] ACPI: Battery Slot [BAT0] (battery present)
[    4.814675] 00:02: ttyS0 at I/O 0x3f8 (irq = 4, base_baud = 115200) is a 16550A
[    4.841429] Linux agpgart interface v0.103
[    4.879406] loop: module loaded
[    4.922128] scsi host0: ata_piix
[    4.940174] scsi host1: ata_piix
[    4.972949] ata1: PATA max UDMA/33 cmd 0x1f0 ctl 0x3f6 bmdma 0xd000 irq 14
[    5.056711] ata2: PATA max UDMA/33 cmd 0x170 ctl 0x376 bmdma 0xd008 irq 15
[    5.082854] tun: Universal TUN/TAP device driver, 1.6
[    5.102421] PPP generic driver version 2.4.2
[    5.118282] ehci_hcd: USB 2.0 'Enhanced' Host Controller (EHCI) Driver
[    5.164694] ehci-pci: EHCI PCI platform driver
[    5.192060] ehci-platform: EHCI generic platform driver
[    5.408539] ohci_hcd: USB 1.1 'Open' Host Controller (OHCI) Driver
[    5.453017] ohci-pci: OHCI PCI platform driver
[    5.549552] ohci-platform: OHCI generic platform driver
[    5.568175] uhci_hcd: USB Universal Host Controller Interface driver
[    5.591151] i8042: PNP: PS/2 Controller [PNP0303:PS2K,PNP0f03:PS2M] at 0x60,0x64 irq 1,12
[    5.637302] serio: i8042 KBD port at 0x60,0x64 irq 1
[    5.659573] serio: i8042 AUX port at 0x60,0x64 irq 12
[    5.676398] mousedev: PS/2 mouse device common for all mice
[    5.702437] input: AT Translated Set 2 keyboard as /devices/platform/i8042/serio0/input/input2
[    5.733566] rtc_cmos rtc_cmos: rtc core: registered rtc_cmos as rtc0
[    5.751282] rtc_cmos rtc_cmos: alarms up to one day, 114 bytes nvram
[    5.768705] i2c /dev entries driver
[    5.772565] device-mapper: uevent: version 1.0.3
[    5.789967] device-mapper: ioctl: 4.37.0-ioctl (2017-09-20) initialised: dm-devel@redhat.com
[    5.815617] ledtrig-cpu: registered to indicate activity on CPUs
[    5.839973] NET: Registered protocol family 10
[    5.887325] Segment Routing with IPv6
[    5.897954] NET: Registered protocol family 17
[    5.909609] Key type dns_resolver registered
[    5.922648] mce: Using 0 MCE banks
[    5.932695] RAS: Correctable Errors collector initialized.
[    5.949296] sched_clock: Marking stable (5949112306, 0)->(7665111857, -1715999551)
[    5.994338] registered taskstats version 1
[    6.003803] Loading compiled-in X.509 certificates
[    6.027053] Loaded X.509 cert 'Build time autogenerated kernel key: b5b26778eaa3ab3a4a6cee031137706e947d12ad'
[    6.053166] Loaded X.509 cert 'Canonical Ltd. Live Patch Signing: 14df34d1a87cf37625abec039ef2bf521249b969'
[    6.076277] Loaded X.509 cert 'Canonical Ltd. Kernel Module Signing: 88f752e560a1e0737e31163a466ad7b70a850c19'
[    6.101547] blacklist: Loading compiled-in revocation X.509 certificates
[    6.112674] Loaded X.509 cert 'Canonical Ltd. Secure Boot Signing: 61482aa2830d0ab2ad5af10b7250da9033ddcef0'
[    6.129309] Loaded X.509 cert 'Canonical Ltd. Secure Boot Signing (2017): 242ade75ac4a15e50d50c84b0d45ff3eae707a03'
[    6.146698] Loaded X.509 cert 'Canonical Ltd. Secure Boot Signing (ESM 2018): 365188c1d374d6b07c3c8f240f8ef722433d6a8b'
[    6.166691] Loaded X.509 cert 'Canonical Ltd. Secure Boot Signing (2019): c0746fd6c5da3ae827864651ad66ae47fe24b3e8'
[    6.185416] Loaded X.509 cert 'Canonical Ltd. Secure Boot Signing (2021 v1): a8d54bbb3825cfb94fa13c9f8a594a195c107b8d'
[    6.204971] Loaded X.509 cert 'Canonical Ltd. Secure Boot Signing (2021 v2): 4cf046892d6fd3c9a5b03f98d845f90851dc6a8c'
[    6.222391] Loaded X.509 cert 'Canonical Ltd. Secure Boot Signing (2021 v3): 100437bb6de6e469b581e61cd66bce3ef4ed53af'
[    6.239636] Loaded X.509 cert 'Canonical Ltd. Secure Boot Signing (Ubuntu Core 2019): c1d57b8f6b743f23ee41f4f7ee292f06eecadfb9'
[    6.258243] zswap: loaded using pool lzo/zbud
[    6.287484] Key type big_key registered
[    6.294320] Key type trusted registered
[    6.309909] Key type encrypted registered
[    6.316935] AppArmor: AppArmor sha1 policy hashing enabled
[    6.325801] ima: No TPM chip found, activating TPM-bypass! (rc=-19)
[    6.335805] ima: Allocated hash algorithm: sha1
[    6.343503] evm: HMAC attrs: 0x1
[    6.350553]   Magic number: 12:938:902
[    6.356693] acpi PNP0501:02: hash matches
[    6.364784] rtc_cmos rtc_cmos: setting system clock to 2024-02-20 20:53:25 UTC (1708462405)
[    6.380589] BIOS EDD facility v0.16 2004-Jun-25, 0 devices found
[    6.390661] EDD information not available.
[    6.403434] Freeing unused kernel image memory: 2480K
[    6.436334] Write protecting the kernel read-only data: 20480k
[    6.449840] Freeing unused kernel image memory: 2008K
[    6.461294] Freeing unused kernel image memory: 1820K
[    6.480609] x86/mm: Checked W+X mappings: passed, no W+X pages found.
[    6.490814] x86/mm: Checking user space page tables
[    6.511887] x86/mm: Checked W+X mappings: passed, no W+X pages found.
Loading, please wait...
starting version 237
[    6.720175] Fusion MPT base driver 3.04.20
[    6.729331] Copyright (c) 1999-2008 LSI Corporation
[    6.748862] e1000: Intel(R) PRO/1000 Network Driver - version 7.3.21-k8-NAPI
[    6.766144] e1000: Copyright (c) 1999-2006 Intel Corporation.
[    7.027725] SSE version of gcm_enc/dec engaged.
[    7.044233] Fusion MPT SPI Host driver 3.04.20
[    7.092387] input: ImExPS/2 Generic Explorer Mouse as /devices/platform/i8042/serio1/input/input4
[    8.309237] e1000 0000:00:03.0 eth0: (PCI:33MHz:32-bit) 02:3b:7b:b7:3b:2d
[    8.325368] e1000 0000:00:03.0 eth0: Intel(R) PRO/1000 Network Connection
[    9.560170] e1000 0000:00:08.0 eth1: (PCI:33MHz:32-bit) 08:00:27:b0:40:b8
[    9.570464] e1000 0000:00:08.0 eth1: Intel(R) PRO/1000 Network Connection
[    9.590523] e1000 0000:00:03.0 enp0s3: renamed from eth0
[    9.603149] mptbase: ioc0: Initiating bringup
[    9.617066] e1000 0000:00:08.0 enp0s8: renamed from eth1
[    9.732467] ioc0: LSI53C1030 A0: Capabilities={Initiator}
[   10.043717] scsi host2: ioc0: LSI53C1030 A0, FwRev=00000000h, Ports=1, MaxQ=256, IRQ=20
[   10.235458] scsi 2:0:0:0: Direct-Access     VBOX     HARDDISK         1.0  PQ: 0 ANSI: 5
[   10.296292] scsi target2:0:0: Beginning Domain Validation
[   10.321475] scsi target2:0:0: Domain Validation skipping write tests
[   10.332111] scsi target2:0:0: Ending Domain Validation
[   10.342352] scsi target2:0:0: asynchronous
[   10.354274] scsi 2:0:1:0: Direct-Access     VBOX     HARDDISK         1.0  PQ: 0 ANSI: 5
[   10.400450] scsi target2:0:1: Beginning Domain Validation
[   10.423060] scsi target2:0:1: Domain Validation skipping write tests
[   10.432996] scsi target2:0:1: Ending Domain Validation
[   10.442921] scsi target2:0:1: asynchronous
[   10.486529] sd 2:0:0:0: Attached scsi generic sg0 type 0
[   10.502709] sd 2:0:0:0: [sda] 83886080 512-byte logical blocks: (42.9 GB/40.0 GiB)
[   10.521631] sd 2:0:0:0: [sda] Write Protect is off
[   10.535393] sd 2:0:1:0: Attached scsi generic sg1 type 0
[   10.536689] sd 2:0:1:0: [sdb] 20480 512-byte logical blocks: (10.5 MB/10.0 MiB)
[   10.574214] sd 2:0:0:0: [sda] Incomplete mode parameter data
[   10.574445] sd 2:0:1:0: [sdb] Write Protect is off
[   10.588304] sd 2:0:0:0: [sda] Assuming drive cache: write through
[   10.618473] sd 2:0:1:0: [sdb] Incomplete mode parameter data
[   10.631237] sd 2:0:1:0: [sdb] Assuming drive cache: write through
[   10.652953]  sda: sda1
[   10.669268] sd 2:0:0:0: [sda] Attached SCSI disk
[   10.670082] sd 2:0:1:0: [sdb] Attached SCSI disk
Begin: Loading essential drivers ... [   14.633028] raid6: sse2x1   gen() 108960 MB/s
[   16.631256] raid6: sse2x1   xor() 98792 MB/s
[   17.667472] raid6: sse2x2   gen() 109087 MB/s
[   18.684582] raid6: sse2x2   xor()  2214 MB/s
[   18.756818] raid6: sse2x4   gen()  5192 MB/s
[   18.820620] raid6: sse2x4   xor()  3441 MB/s
[   18.830478] raid6: using algorithm sse2x2 gen() 109087 MB/s
[   18.843806] raid6: .... xor() 2214 MB/s, rmw enabled
[   18.853958] raid6: using ssse3x2 recovery algorithm
[   18.869290] xor: measuring software checksum speed
[   20.128853]    prefetch64-sse: 1866818.000 MB/sec
[   20.236313]    generic_sse: 21497.000 MB/sec
[   20.244811] xor: using function: prefetch64-sse (1866818.000 MB/sec)
[   20.262392] async_tx: api initialized (async)
done.
Begin: Running /scripts/init-premount ... done.
Begin: Mounting root file system ... Begin: Running /scripts/local-top ... done.
Begin: Running /scripts/local-premount ... [   20.411664] Btrfs loaded, crc32c=crc32c-intel
Scanning for Btrfs filesystems
done.
Warning: fsck not present, so skipping root file system
[   20.545180] EXT4-fs (sda1): mounted filesystem with ordered data mode. Opts: (null)
done.
Begin: Running /scripts/local-bottom ... done.
Begin: Running /scripts/init-bottom ... done.
[   21.168283] ip_tables: (C) 2000-2006 Netfilter Core Team
[   21.260731] systemd[1]: systemd 237 running in system mode. (+PAM +AUDIT +SELINUX +IMA +APPARMOR +SMACK +SYSVINIT +UTMP +LIBCRYPTSETUP +GCRYPT +GNUTLS +ACL +XZ +LZ4 +SECCOMP +BLKID +ELFUTILS +KMOD -IDN2 +IDN -PCRE2 default-hierarchy=hybrid)
[   21.326212] systemd[1]: Detected virtualization oracle.
[   21.338294] systemd[1]: Detected architecture x86-64.

Welcome to [1mUbuntu 18.04.6 LTS[0m!

[   21.455536] systemd[1]: Set hostname to <ubuntu-bionic>.
[   22.160091] systemd[1]: Started Forward Password Requests to Wall Directory Watch.
[[0;32m  OK  [0m] Started Forward Password Requests to Wall Directory Watch.
[   22.203054] systemd[1]: Created slice User and Session Slice.
[[0;32m  OK  [0m] Created slice User and Session Slice.
[   22.217969] systemd[1]: Set up automount Arbitrary Executable File Formats File System Automount Point.
[[0;32m  OK  [0m] Set up automount Arbitrary Executab…rmats File System Automount Point.
[   22.240976] systemd[1]: Reached target System Time Synchronized.
[[0;32m  OK  [0m] Reached target System Time Synchronized.
[   22.256708] systemd[1]: Reached target Mounting snaps.
[[0;32m  OK  [0m] Reached target Mounting snaps.
[   22.270603] systemd[1]: Created slice System Slice.
[[0;32m  OK  [0m] Created slice System Slice.
[[0;32m  OK  [0m] Listening on Journal Socket.
[[0;32m  OK  [0m] Listening on Journal Audit Socket.
[[0;32m  OK  [0m] Listening on Syslog Socket.
         Mounting POSIX Message Queue File System...
[[0;32m  OK  [0m] Listening on /dev/initctl Compatibility Named Pipe.
         Mounting Huge Pages File System...
[[0;32m  OK  [0m] Listening on Network Service Netlink Socket.
[[0;32m  OK  [0m] Listening on Device-mapper event daemon FIFOs.
[[0;32m  OK  [0m] Listening on udev Kernel Socket.
         Starting Uncomplicated firewall...
[[0;32m  OK  [0m] Listening on LVM2 metadata daemon socket.
         Starting Create list of required st…ce nodes for the current kernel...
         Starting Monitoring of LVM2 mirrors…ng dmeventd or progress polling...
         Mounting Kernel Debug File System...
[[0;32m  OK  [0m] Listening on udev Control Socket.
         Starting udev Coldplug all Devices...
[[0;32m  OK  [0m] Listening on fsck to fsckd communication Socket.
         Starting File System Check on Root Device...
[[0;32m  OK  [0m] Created slice system-serial\x2dgetty.slice.
[[0;32m  OK  [0m] Listening on LVM2 poll daemon socket.
         Starting Set the console keyboard layout...
         Starting Load Kernel Modules...
[[0;32m  OK  [0m] Reached target Mounted snaps.
[[0;32m  OK  [0m] Listening on Journal Socket (/dev/log).
[[0;32m  OK  [0m] Reached target User and Group Name Lookups.
[[0;32m  OK  [0m] Reached target Slices.
         Starting Journal Service...
[[0;32m  OK  [0m] Reached target Swap.
[   22.595768] Loading iSCSI transport class v2.0-870.
[[0;32m  OK  [0m] Mounted POSIX Message Queue File System.
[[0;32m  OK  [0m] Mounted Huge Pages File System.
[[0;32m  OK  [0m] Started Uncomplicated firewall.
[[0;32m  OK  [0m] Started Create list of required sta…vice nodes for the current kernel.
[[0;32m  OK  [0m] Mounted Kernel Debug File System.
[[0;32m  OK  [0m] Started File System Check on Root Device.
[[0;32m  OK  [0m] Started File System Check Daemon to report status.
[[0;32m  OK  [0m] Started LVM2 metadata daemon.
         Starting Remount Root and Kernel File Systems...
         Starting Create Static Device Nodes in /dev...
[   22.829362] iscsi: registered transport (tcp)
[[0;32m  OK  [0m] Started udev Coldplug all Devices.
[[0;32m  OK  [0m] Started Journal Service.
[   22.933904] EXT4-fs (sda1): re-mounted. Opts: (null)
[[0;32m  OK  [0m] Started Remount Root and Kernel File Systems.
         Starting Flush Journal to Persistent Storage...
         Starting Load/Save Random Seed...
[[0;32m  OK  [0m] Started Monitoring of LVM2 mirrors,…sing dmeventd or progress polling.
[   23.208759] systemd-journald[415]: Received request to flush runtime journal from PID 1
[[0;32m  OK  [0m] Started Set the console keyboard layout.
[[0;32m  OK  [0m] Started Create Static Device Nodes in /dev.
[[0;32m  OK  [0m] Reached target Local File Systems (Pre).
[[0;32m  OK  [0m] Reached target Local File Systems.
         Starting Set console font and keymap...
         Starting ebtables ruleset management...
         Starting Tell Plymouth To Write Out Runtime Data...
         Starting AppArmor initialization...
         Starting udev Kernel Device Manager...
[[0;32m  OK  [0m] Started Load/Save Random Seed.
[[0;32m  OK  [0m] Started Set console font and keymap.
[[0;32m  OK  [0m] Started Tell Plymouth To Write Out Runtime Data.
[   23.773632] iscsi: registered transport (iser)
[[0;32m  OK  [0m] Started Load Kernel Modules.
         Mounting FUSE Control File System...
         Mounting Kernel Configuration File System...
         Starting Apply Kernel Variables...
[[0;32m  OK  [0m] Mounted FUSE Control File System.
[[0;32m  OK  [0m] Mounted Kernel Configuration File System.
[[0;32m  OK  [0m] Started udev Kernel Device Manager.
[[0;32m  OK  [0m] Started Dispatch Password Requests to Console Directory Watch.
[[0;32m  OK  [0m] Reached target Local Encrypted Volumes.
[[0;32m  OK  [0m] Started Apply Kernel Variables.
[[0;32m  OK  [0m] Started Flush Journal to Persistent Storage.
[[0;32m  OK  [0m] Started ebtables ruleset management.
         Starting Create Volatile Files and Directories...
[[0;32m  OK  [0m] Started Create Volatile Files and Directories.
         Starting Update UTMP about System Boot/Shutdown...
[[0;32m  OK  [0m] Started Update UTMP about System Boot/Shutdown.
[[0;32m  OK  [0m] Started AppArmor initialization.
         Starting Load AppArmor profiles managed internally by snapd...
         Starting Initial cloud-init job (pre-networking)...
         Mounting Arbitrary Executable File Formats File System...
[[0;32m  OK  [0m] Found device /dev/ttyS0.
[[0;32m  OK  [0m] Mounted Arbitrary Executable File Formats File System.
[[0;32m  OK  [0m] Listening on Load/Save RF Kill Switch Status /dev/rfkill Watch.
[[0;32m  OK  [0m] Started Load AppArmor profiles managed internally by snapd.
[   28.834701] cloud-init[533]: Cloud-init v. 23.1.2-0ubuntu0~18.04.1 running 'init-local' at Tue, 20 Feb 2024 20:53:47 +0000. Up 28.41 seconds.
[[0;32m  OK  [0m] Started Initial cloud-init job (pre-networking).
[[0;32m  OK  [0m] Reached target Network (Pre).
         Starting Network Service...
[[0;32m  OK  [0m] Started Network Service.
         Starting Network Name Resolution...
         Starting Wait for Network to be Configured...
[[0;32m  OK  [0m] Started Network Name Resolution.
[[0;32m  OK  [0m] Reached target Network.
[[0;32m  OK  [0m] Reached target Host and Network Name Lookups.
[[0;32m  OK  [0m] Started Wait for Network to be Configured.
         Starting Initial cloud-init job (metadata service crawler)...
[   33.842361] cloud-init[673]: Cloud-init v. 23.1.2-0ubuntu0~18.04.1 running 'init' at Tue, 20 Feb 2024 20:53:52 +0000. Up 33.04 seconds.
[   33.853901] cloud-init[673]: ci-info: ++++++++++++++++++++++++++++++++++++++Net device info+++++++++++++++++++++++++++++++++++++++
[   33.866238] cloud-init[673]: ci-info: +--------+------+-----------------------------+---------------+--------+-------------------+
[   33.885231] cloud-init[673]: ci-info: | Device |  Up  |           Address           |      Mask     | Scope  |     Hw-Address    |
[   33.895250] cloud-init[673]: ci-info: +--------+------+-----------------------------+---------------+--------+-------------------+
[   33.908664] cloud-init[673]: ci-info: | enp0s3 | True |          10.0.2.15          | 255.255.255.0 | global | 02:3b:7b:b7:3b:2d |
[   33.919146] cloud-init[673]: ci-info: | enp0s3 | True |  fe80::3b:7bff:feb7:3b2d/64 |       .       |  link  | 02:3b:7b:b7:3b:2d |
[   33.934868] cloud-init[673]: ci-info: | enp0s8 | True |         192.168.56.3        | 255.255.255.0 | global | 08:00:27:b0:40:b8 |
[   33.948950] cloud-init[673]: ci-info: | enp0s8 | True | fe80::a00:27ff:feb0:40b8/64 |       .       |  link  | 08:00:27:b0:40:b8 |
[   33.960858] cloud-init[673]: ci-info: |   lo   | True |          127.0.0.1          |   255.0.0.0   |  host  |         .         |
[   33.971055] cloud-init[673]: ci-info: |   lo   | True |           ::1/128           |       .       |  host  |         .         |
[   33.983345] cloud-init[673]: ci-info: +--------+------+-----------------------------+---------------+--------+-------------------+
[   33.995106] cloud-init[673]: ci-info: +++++++++++++++++++++++++++++Route IPv4 info+++++++++++++++++++++++++++++
[   34.003554] cloud-init[673]: ci-info: +-------+--------------+----------+-----------------+-----------+-------+
[   34.013674] cloud-init[673]: ci-info: | Route | Destination  | Gateway  |     Genmask     | Interface | Flags |
[   34.024961] cloud-init[673]: ci-info: +-------+--------------+----------+-----------------+-----------+-------+
[   34.034976] cloud-init[673]: ci-info: |   0   |   0.0.0.0    | 10.0.2.2 |     0.0.0.0     |   enp0s3  |   UG  |
[   34.045653] cloud-init[673]: ci-info: |   1   |   10.0.2.0   | 0.0.0.0  |  255.255.255.0  |   enp0s3  |   U   |
[   34.054948] cloud-init[673]: ci-info: |   2   |   10.0.2.2   | 0.0.0.0  | 255.255.255.255 |   enp0s3  |   UH  |
[   34.082345] cloud-init[673]: ci-info: |   3   | 192.168.56.0 | 0.0.0.0  |  255.255.255.0  |   enp0s8  |   U   |
[   34.109708] cloud-init[673]: ci-info: +-------+--------------+----------+-----------------+-----------+-------+
[   34.132071] cloud-init[673]: ci-info: +++++++++++++++++++Route IPv6 info+++++++++++++++++++
[   34.147697] cloud-init[673]: ci-info: +-------+-------------+---------+-----------+-------+
[   34.169395] cloud-init[673]: ci-info: | Route | Destination | Gateway | Interface | Flags |
[   34.183565] cloud-init[673]: ci-info: +-------+-------------+---------+-----------+-------+
[   34.206472] cloud-init[673]: ci-info: |   1   |  fe80::/64  |    ::   |   enp0s8  |   U   |
[   34.222958] cloud-init[673]: ci-info: |   2   |  fe80::/64  |    ::   |   enp0s3  |   U   |
[   34.257237] cloud-init[673]: ci-info: |   4   |    local    |    ::   |   enp0s3  |   U   |
[   34.289270] cloud-init[673]: ci-info: |   5   |    local    |    ::   |   enp0s8  |   U   |
[   34.315864] cloud-init[673]: ci-info: |   6   |   ff00::/8  |    ::   |   enp0s8  |   U   |
[   34.331693] cloud-init[673]: ci-info: |   7   |   ff00::/8  |    ::   |   enp0s3  |   U   |
[   34.361656] cloud-init[673]: ci-info: +-------+-------------+---------+-----------+-------+
[[0;32m  OK  [0m] Started Initial cloud-init job (metadata service crawler).
[[0;32m  OK  [0m] Reached target Network is Online.
         Starting Availability of block devices...
[[0;32m  OK  [0m] Reached target Remote File Systems (Pre).
         Mounting /vagrant...
[[0;32m  OK  [0m] Reached target System Initialization.
         Starting LXD - unix socket.
[[0;32m  OK  [0m] Started Ubuntu Advantage Timer for running repeated jobs.
[[0;32m  OK  [0m] Started ACPI Events Check.
[[0;32m  OK  [0m] Reached target Paths.
[[0;32m  OK  [0m] Listening on ACPID Listen Socket.
[[0;32m  OK  [0m] Listening on Open-iSCSI iscsid Socket.
[[0;32m  OK  [0m] Started Daily apt download activities.
[[0;32m  OK  [0m] Started Daily apt upgrade and clean activities.
         Starting Socket activation for snappy daemon.
[[0;32m  OK  [0m] Listening on D-Bus System Message Bus Socket.
[[0;32m  OK  [0m] Started Discard unused blocks once a week.
[[0;32m  OK  [0m] Started Daily Cleanup of Temporary Directories.
[[0;32m  OK  [0m] Listening on cloud-init hotplug hook socket.
         Starting Docker Socket for the API.
[[0;32m  OK  [0m] Listening on UUID daemon activation socket.
[[0;32m  OK  [0m] Started Message of the Day.
[[0;32m  OK  [0m] Reached target Timers.
[[0;32m  OK  [0m] Reached target Cloud-config availability.
[[0;32m  OK  [0m] Started Availability of block devices.
[[0;32m  OK  [0m] Mounted /vagrant.
[[0;32m  OK  [0m] Listening on LXD - unix socket.
[[0;32m  OK  [0m] Listening on Socket activation for snappy daemon.
[[0;32m  OK  [0m] Listening on Docker Socket for the API.
[[0;32m  OK  [0m] Reached target Sockets.
[[0;32m  OK  [0m] Reached target Basic System.
[[0;32m  OK  [0m] Started D-Bus System Message Bus.
[[0;32m  OK  [0m] Started Deferred execution scheduler.
         Starting Accounts Service...
[[0;32m  OK  [0m] Started FUSE filesystem for LXC.
         Starting LSB: Record successful boot for GRUB...
[[0;32m  OK  [0m] Started Regular background program processing daemon.
[[0;32m  OK  [0m] Started irqbalance daemon.
         Starting System Logging Service...
         Starting containerd container runtime...
         Starting Dispatcher daemon for systemd-networkd...
         Starting Login Service...
         Starting Virtualbox guest utils...
[[0;32m  OK  [0m] Reached target Login Prompts (Pre).
         Starting Snap Daemon...
         Starting OpenBSD Secure Shell server...
         Starting LXD - container startup/shutdown...
[[0;32m  OK  [0m] Reached target Remote File Systems.
         Starting LSB: automatic crash report generation...
         Starting Permit User Sessions...
[[0;32m  OK  [0m] Started System Logging Service.
[[0;32m  OK  [0m] Started Permit User Sessions.
         Starting Hold until boot process finishes up...
         Starting Terminate Plymouth Boot Screen...
         Starting Authorization Manager...
[[0;32m  OK  [0m] Started Terminate Plymouth Boot Screen.
[[0;32m  OK  [0m] Started Hold until boot process finishes up.
[[0;32m  OK  [0m] Started Serial Getty on ttyS0.
         Starting Set console scheme...
[[0;32m  OK  [0m] Started OpenBSD Secure Shell server.
[[0;32m  OK  [0m] Started Login Service.
[[0;32m  OK  [0m] Started Unattended Upgrades Shutdown.
[[0;32m  OK  [0m] Started Set console scheme.
[[0;32m  OK  [0m] Created slice system-getty.slice.
[[0;32m  OK  [0m] Started Getty on tty1.
[[0;32m  OK  [0m] Reached target Login Prompts.
[[0;32m  OK  [0m] Started LSB: Record successful boot for GRUB.
[[0;32m  OK  [0m] Started LSB: automatic crash report generation.
[[0;32m  OK  [0m] Started Authorization Manager.
[[0;32m  OK  [0m] Started Accounts Service.
[[0;32m  OK  [0m] Started Virtualbox guest utils.
[[0;32m  OK  [0m] Created slice User Slice of vagrant.
         Starting User Manager for UID 1000...
[[0;32m  OK  [0m] Started Session 1 of user vagrant.
[[0;32m  OK  [0m] Started LXD - container startup/shutdown.
[[0;32m  OK  [0m] Started Dispatcher daemon for systemd-networkd.
[[0;32m  OK  [0m] Started User Manager for UID 1000.

Ubuntu 18.04.6 LTS ubuntu-bionic ttyS0

ubuntu-bionic login: [   47.795631] cloud-init[1100]: Cloud-init v. 23.1.2-0ubuntu0~18.04.1 running 'modules:config' at Tue, 20 Feb 2024 20:54:06 +0000. Up 46.97 seconds.
[   61.475941] cloud-init[1990]: Cloud-init v. 23.1.2-0ubuntu0~18.04.1 running 'modules:final' at Tue, 20 Feb 2024 20:54:19 +0000. Up 60.35 seconds.
[   61.479745] cloud-init[1990]: Cloud-init v. 23.1.2-0ubuntu0~18.04.1 finished at Tue, 20 Feb 2024 20:54:20 +0000. Datasource DataSourceNoCloud [seed=/dev/sdb][dsmode=net].  Up 61.43 seconds
